<?xml version="1.0" encoding="UTF-8"?>
<testsuite xmlns:xsi="http://www.w3.org/2001/XMLSchema-instance" xsi:noNamespaceSchemaLocation="https://maven.apache.org/surefire/maven-surefire-plugin/xsd/surefire-test-report.xsd" name="Runner.TestRunner" time="158.986" tests="39" errors="0" skipped="0" failures="4">
  <properties>
    <property name="sun.desktop" value="windows"/>
    <property name="awt.toolkit" value="sun.awt.windows.WToolkit"/>
    <property name="java.specification.version" value="11"/>
    <property name="sun.cpu.isalist" value="amd64"/>
    <property name="sun.jnu.encoding" value="Cp1252"/>
    <property name="java.class.path" value="C:\Users\SDagadapally\eclipse-workspace\CucumberFramework\target\test-classes;C:\Users\SDagadapally\eclipse-workspace\CucumberFramework\target\classes;C:\Users\SDagadapally\.m2\repository\junit\junit\4.13.2\junit-4.13.2.jar;C:\Users\SDagadapally\.m2\repository\org\hamcrest\hamcrest-core\1.3\hamcrest-core-1.3.jar;C:\Users\SDagadapally\.m2\repository\org\seleniumhq\selenium\selenium-java\3.141.59\selenium-java-3.141.59.jar;C:\Users\SDagadapally\.m2\repository\org\seleniumhq\selenium\selenium-api\3.141.59\selenium-api-3.141.59.jar;C:\Users\SDagadapally\.m2\repository\org\seleniumhq\selenium\selenium-chrome-driver\3.141.59\selenium-chrome-driver-3.141.59.jar;C:\Users\SDagadapally\.m2\repository\org\seleniumhq\selenium\selenium-edge-driver\3.141.59\selenium-edge-driver-3.141.59.jar;C:\Users\SDagadapally\.m2\repository\org\seleniumhq\selenium\selenium-firefox-driver\3.141.59\selenium-firefox-driver-3.141.59.jar;C:\Users\SDagadapally\.m2\repository\org\seleniumhq\selenium\selenium-ie-driver\3.141.59\selenium-ie-driver-3.141.59.jar;C:\Users\SDagadapally\.m2\repository\org\seleniumhq\selenium\selenium-opera-driver\3.141.59\selenium-opera-driver-3.141.59.jar;C:\Users\SDagadapally\.m2\repository\org\seleniumhq\selenium\selenium-remote-driver\3.141.59\selenium-remote-driver-3.141.59.jar;C:\Users\SDagadapally\.m2\repository\org\seleniumhq\selenium\selenium-safari-driver\3.141.59\selenium-safari-driver-3.141.59.jar;C:\Users\SDagadapally\.m2\repository\org\seleniumhq\selenium\selenium-support\3.141.59\selenium-support-3.141.59.jar;C:\Users\SDagadapally\.m2\repository\net\bytebuddy\byte-buddy\1.8.15\byte-buddy-1.8.15.jar;C:\Users\SDagadapally\.m2\repository\org\apache\commons\commons-exec\1.3\commons-exec-1.3.jar;C:\Users\SDagadapally\.m2\repository\com\google\guava\guava\25.0-jre\guava-25.0-jre.jar;C:\Users\SDagadapally\.m2\repository\com\google\code\findbugs\jsr305\1.3.9\jsr305-1.3.9.jar;C:\Users\SDagadapally\.m2\repository\org\checkerframework\checker-compat-qual\2.0.0\checker-compat-qual-2.0.0.jar;C:\Users\SDagadapally\.m2\repository\com\google\errorprone\error_prone_annotations\2.1.3\error_prone_annotations-2.1.3.jar;C:\Users\SDagadapally\.m2\repository\com\google\j2objc\j2objc-annotations\1.1\j2objc-annotations-1.1.jar;C:\Users\SDagadapally\.m2\repository\org\codehaus\mojo\animal-sniffer-annotations\1.14\animal-sniffer-annotations-1.14.jar;C:\Users\SDagadapally\.m2\repository\com\squareup\okhttp3\okhttp\3.11.0\okhttp-3.11.0.jar;C:\Users\SDagadapally\.m2\repository\com\squareup\okio\okio\1.14.0\okio-1.14.0.jar;C:\Users\SDagadapally\.m2\repository\info\cukes\cucumber-java\1.2.5\cucumber-java-1.2.5.jar;C:\Users\SDagadapally\.m2\repository\info\cukes\cucumber-core\1.2.5\cucumber-core-1.2.5.jar;C:\Users\SDagadapally\.m2\repository\info\cukes\cucumber-html\0.2.3\cucumber-html-0.2.3.jar;C:\Users\SDagadapally\.m2\repository\info\cukes\cucumber-jvm-deps\1.0.5\cucumber-jvm-deps-1.0.5.jar;C:\Users\SDagadapally\.m2\repository\info\cukes\cucumber-junit\1.2.5\cucumber-junit-1.2.5.jar;C:\Users\SDagadapally\.m2\repository\info\cukes\cucumber-picocontainer\1.2.5\cucumber-picocontainer-1.2.5.jar;C:\Users\SDagadapally\.m2\repository\info\cukes\gherkin\2.12.2\gherkin-2.12.2.jar;C:\Users\SDagadapally\.m2\repository\org\picocontainer\picocontainer\2.15\picocontainer-2.15.jar;C:\Users\SDagadapally\.m2\repository\com\vimalselvam\cucumber-extentsreport\3.0.2\cucumber-extentsreport-3.0.2.jar;C:\Users\SDagadapally\.m2\repository\com\aventstack\extentreports\3.1.2\extentreports-3.1.2.jar;C:\Users\SDagadapally\.m2\repository\org\freemarker\freemarker\2.3.23\freemarker-2.3.23.jar;C:\Users\SDagadapally\.m2\repository\org\mongodb\mongodb-driver\3.3.0\mongodb-driver-3.3.0.jar;C:\Users\SDagadapally\.m2\repository\org\mongodb\bson\3.3.0\bson-3.3.0.jar;C:\Users\SDagadapally\.m2\repository\org\mongodb\mongodb-driver-core\3.3.0\mongodb-driver-core-3.3.0.jar;C:\Users\SDagadapally\.m2\repository\org\apache\httpcomponents\httpclient\4.5.2\httpclient-4.5.2.jar;C:\Users\SDagadapally\.m2\repository\org\apache\httpcomponents\httpcore\4.4.4\httpcore-4.4.4.jar;C:\Users\SDagadapally\.m2\repository\commons-logging\commons-logging\1.2\commons-logging-1.2.jar;C:\Users\SDagadapally\.m2\repository\commons-codec\commons-codec\1.9\commons-codec-1.9.jar;C:\Users\SDagadapally\.m2\repository\org\apache\httpcomponents\httpmime\4.5.2\httpmime-4.5.2.jar;C:\Users\SDagadapally\.m2\repository\org\jsoup\jsoup\1.9.2\jsoup-1.9.2.jar;C:\Users\SDagadapally\.m2\repository\com\google\code\gson\gson\2.8.0\gson-2.8.0.jar;C:\Users\SDagadapally\.m2\repository\com\aventstack\extentreports-cucumber4-adapter\1.0.7\extentreports-cucumber4-adapter-1.0.7.jar;C:\Users\SDagadapally\.m2\repository\io\cucumber\cucumber-core\4.0.1\cucumber-core-4.0.1.jar;C:\Users\SDagadapally\.m2\repository\io\cucumber\cucumber-html\0.2.7\cucumber-html-0.2.7.jar;C:\Users\SDagadapally\.m2\repository\io\cucumber\gherkin\5.1.0\gherkin-5.1.0.jar;C:\Users\SDagadapally\.m2\repository\io\cucumber\tag-expressions\1.1.1\tag-expressions-1.1.1.jar;C:\Users\SDagadapally\.m2\repository\io\cucumber\cucumber-expressions\6.1.0\cucumber-expressions-6.1.0.jar;C:\Users\SDagadapally\.m2\repository\io\cucumber\datatable\1.1.3\datatable-1.1.3.jar;C:\Users\SDagadapally\.m2\repository\io\cucumber\datatable-dependencies\1.1.3\datatable-dependencies-1.1.3.jar;C:\Users\SDagadapally\.m2\repository\io\cucumber\cucumber-java\4.0.1\cucumber-java-4.0.1.jar;"/>
    <property name="java.vm.vendor" value="Oracle Corporation"/>
    <property name="sun.arch.data.model" value="64"/>
    <property name="user.variant" value=""/>
    <property name="java.vendor.url" value="https://openjdk.java.net/"/>
    <property name="user.timezone" value="Asia/Calcutta"/>
    <property name="java.vm.specification.version" value="11"/>
    <property name="os.name" value="Windows 10"/>
    <property name="sun.java.launcher" value="SUN_STANDARD"/>
    <property name="user.country" value="US"/>
    <property name="sun.boot.library.path" value="C:\Program Files\Java\jdk-11.0.9\bin"/>
    <property name="sun.java.command" value="C:\Users\SDAGAD~1\AppData\Local\Temp\surefire1601977732770116002\surefirebooter13039497919202580275.jar C:\Users\SDagadapally\AppData\Local\Temp\surefire1601977732770116002 2021-11-08T19-06-35_983-jvmRun1 surefire15150196468592569418tmp surefire_012061473328487555582tmp"/>
    <property name="jdk.debug" value="release"/>
    <property name="surefire.test.class.path" value="C:\Users\SDagadapally\eclipse-workspace\CucumberFramework\target\test-classes;C:\Users\SDagadapally\eclipse-workspace\CucumberFramework\target\classes;C:\Users\SDagadapally\.m2\repository\junit\junit\4.13.2\junit-4.13.2.jar;C:\Users\SDagadapally\.m2\repository\org\hamcrest\hamcrest-core\1.3\hamcrest-core-1.3.jar;C:\Users\SDagadapally\.m2\repository\org\seleniumhq\selenium\selenium-java\3.141.59\selenium-java-3.141.59.jar;C:\Users\SDagadapally\.m2\repository\org\seleniumhq\selenium\selenium-api\3.141.59\selenium-api-3.141.59.jar;C:\Users\SDagadapally\.m2\repository\org\seleniumhq\selenium\selenium-chrome-driver\3.141.59\selenium-chrome-driver-3.141.59.jar;C:\Users\SDagadapally\.m2\repository\org\seleniumhq\selenium\selenium-edge-driver\3.141.59\selenium-edge-driver-3.141.59.jar;C:\Users\SDagadapally\.m2\repository\org\seleniumhq\selenium\selenium-firefox-driver\3.141.59\selenium-firefox-driver-3.141.59.jar;C:\Users\SDagadapally\.m2\repository\org\seleniumhq\selenium\selenium-ie-driver\3.141.59\selenium-ie-driver-3.141.59.jar;C:\Users\SDagadapally\.m2\repository\org\seleniumhq\selenium\selenium-opera-driver\3.141.59\selenium-opera-driver-3.141.59.jar;C:\Users\SDagadapally\.m2\repository\org\seleniumhq\selenium\selenium-remote-driver\3.141.59\selenium-remote-driver-3.141.59.jar;C:\Users\SDagadapally\.m2\repository\org\seleniumhq\selenium\selenium-safari-driver\3.141.59\selenium-safari-driver-3.141.59.jar;C:\Users\SDagadapally\.m2\repository\org\seleniumhq\selenium\selenium-support\3.141.59\selenium-support-3.141.59.jar;C:\Users\SDagadapally\.m2\repository\net\bytebuddy\byte-buddy\1.8.15\byte-buddy-1.8.15.jar;C:\Users\SDagadapally\.m2\repository\org\apache\commons\commons-exec\1.3\commons-exec-1.3.jar;C:\Users\SDagadapally\.m2\repository\com\google\guava\guava\25.0-jre\guava-25.0-jre.jar;C:\Users\SDagadapally\.m2\repository\com\google\code\findbugs\jsr305\1.3.9\jsr305-1.3.9.jar;C:\Users\SDagadapally\.m2\repository\org\checkerframework\checker-compat-qual\2.0.0\checker-compat-qual-2.0.0.jar;C:\Users\SDagadapally\.m2\repository\com\google\errorprone\error_prone_annotations\2.1.3\error_prone_annotations-2.1.3.jar;C:\Users\SDagadapally\.m2\repository\com\google\j2objc\j2objc-annotations\1.1\j2objc-annotations-1.1.jar;C:\Users\SDagadapally\.m2\repository\org\codehaus\mojo\animal-sniffer-annotations\1.14\animal-sniffer-annotations-1.14.jar;C:\Users\SDagadapally\.m2\repository\com\squareup\okhttp3\okhttp\3.11.0\okhttp-3.11.0.jar;C:\Users\SDagadapally\.m2\repository\com\squareup\okio\okio\1.14.0\okio-1.14.0.jar;C:\Users\SDagadapally\.m2\repository\info\cukes\cucumber-java\1.2.5\cucumber-java-1.2.5.jar;C:\Users\SDagadapally\.m2\repository\info\cukes\cucumber-core\1.2.5\cucumber-core-1.2.5.jar;C:\Users\SDagadapally\.m2\repository\info\cukes\cucumber-html\0.2.3\cucumber-html-0.2.3.jar;C:\Users\SDagadapally\.m2\repository\info\cukes\cucumber-jvm-deps\1.0.5\cucumber-jvm-deps-1.0.5.jar;C:\Users\SDagadapally\.m2\repository\info\cukes\cucumber-junit\1.2.5\cucumber-junit-1.2.5.jar;C:\Users\SDagadapally\.m2\repository\info\cukes\cucumber-picocontainer\1.2.5\cucumber-picocontainer-1.2.5.jar;C:\Users\SDagadapally\.m2\repository\info\cukes\gherkin\2.12.2\gherkin-2.12.2.jar;C:\Users\SDagadapally\.m2\repository\org\picocontainer\picocontainer\2.15\picocontainer-2.15.jar;C:\Users\SDagadapally\.m2\repository\com\vimalselvam\cucumber-extentsreport\3.0.2\cucumber-extentsreport-3.0.2.jar;C:\Users\SDagadapally\.m2\repository\com\aventstack\extentreports\3.1.2\extentreports-3.1.2.jar;C:\Users\SDagadapally\.m2\repository\org\freemarker\freemarker\2.3.23\freemarker-2.3.23.jar;C:\Users\SDagadapally\.m2\repository\org\mongodb\mongodb-driver\3.3.0\mongodb-driver-3.3.0.jar;C:\Users\SDagadapally\.m2\repository\org\mongodb\bson\3.3.0\bson-3.3.0.jar;C:\Users\SDagadapally\.m2\repository\org\mongodb\mongodb-driver-core\3.3.0\mongodb-driver-core-3.3.0.jar;C:\Users\SDagadapally\.m2\repository\org\apache\httpcomponents\httpclient\4.5.2\httpclient-4.5.2.jar;C:\Users\SDagadapally\.m2\repository\org\apache\httpcomponents\httpcore\4.4.4\httpcore-4.4.4.jar;C:\Users\SDagadapally\.m2\repository\commons-logging\commons-logging\1.2\commons-logging-1.2.jar;C:\Users\SDagadapally\.m2\repository\commons-codec\commons-codec\1.9\commons-codec-1.9.jar;C:\Users\SDagadapally\.m2\repository\org\apache\httpcomponents\httpmime\4.5.2\httpmime-4.5.2.jar;C:\Users\SDagadapally\.m2\repository\org\jsoup\jsoup\1.9.2\jsoup-1.9.2.jar;C:\Users\SDagadapally\.m2\repository\com\google\code\gson\gson\2.8.0\gson-2.8.0.jar;C:\Users\SDagadapally\.m2\repository\com\aventstack\extentreports-cucumber4-adapter\1.0.7\extentreports-cucumber4-adapter-1.0.7.jar;C:\Users\SDagadapally\.m2\repository\io\cucumber\cucumber-core\4.0.1\cucumber-core-4.0.1.jar;C:\Users\SDagadapally\.m2\repository\io\cucumber\cucumber-html\0.2.7\cucumber-html-0.2.7.jar;C:\Users\SDagadapally\.m2\repository\io\cucumber\gherkin\5.1.0\gherkin-5.1.0.jar;C:\Users\SDagadapally\.m2\repository\io\cucumber\tag-expressions\1.1.1\tag-expressions-1.1.1.jar;C:\Users\SDagadapally\.m2\repository\io\cucumber\cucumber-expressions\6.1.0\cucumber-expressions-6.1.0.jar;C:\Users\SDagadapally\.m2\repository\io\cucumber\datatable\1.1.3\datatable-1.1.3.jar;C:\Users\SDagadapally\.m2\repository\io\cucumber\datatable-dependencies\1.1.3\datatable-dependencies-1.1.3.jar;C:\Users\SDagadapally\.m2\repository\io\cucumber\cucumber-java\4.0.1\cucumber-java-4.0.1.jar;"/>
    <property name="sun.cpu.endian" value="little"/>
    <property name="user.home" value="C:\Users\SDagadapally"/>
    <property name="user.language" value="en"/>
    <property name="java.specification.vendor" value="Oracle Corporation"/>
    <property name="java.version.date" value="2020-10-20"/>
    <property name="java.home" value="C:\Program Files\Java\jdk-11.0.9"/>
    <property name="file.separator" value="\"/>
    <property name="basedir" value="C:\Users\SDagadapally\eclipse-workspace\CucumberFramework"/>
    <property name="java.vm.compressedOopsMode" value="32-bit"/>
    <property name="line.separator" value="&#10;"/>
    <property name="java.specification.name" value="Java Platform API Specification"/>
    <property name="java.vm.specification.vendor" value="Oracle Corporation"/>
    <property name="java.awt.graphicsenv" value="sun.awt.Win32GraphicsEnvironment"/>
    <property name="surefire.real.class.path" value="C:\Users\SDAGAD~1\AppData\Local\Temp\surefire1601977732770116002\surefirebooter13039497919202580275.jar"/>
    <property name="user.script" value=""/>
    <property name="sun.management.compiler" value="HotSpot 64-Bit Tiered Compilers"/>
    <property name="java.runtime.version" value="11.0.9+7-LTS"/>
    <property name="user.name" value="SDagadapally"/>
    <property name="path.separator" value=";"/>
    <property name="os.version" value="10.0"/>
    <property name="java.runtime.name" value="Java(TM) SE Runtime Environment"/>
    <property name="file.encoding" value="Cp1252"/>
    <property name="java.vm.name" value="Java HotSpot(TM) 64-Bit Server VM"/>
    <property name="java.vendor.version" value="18.9"/>
    <property name="localRepository" value="C:\Users\SDagadapally\.m2\repository"/>
    <property name="java.vendor.url.bug" value="https://bugreport.java.com/bugreport/"/>
    <property name="java.io.tmpdir" value="C:\Users\SDAGAD~1\AppData\Local\Temp\"/>
    <property name="java.version" value="11.0.9"/>
    <property name="user.dir" value="C:\Users\SDagadapally\eclipse-workspace\CucumberFramework"/>
    <property name="os.arch" value="amd64"/>
    <property name="java.vm.specification.name" value="Java Virtual Machine Specification"/>
    <property name="java.awt.printerjob" value="sun.awt.windows.WPrinterJob"/>
    <property name="sun.os.patch.level" value=""/>
    <property name="java.library.path" value="C:\Program Files\Java\jdk-11.0.9\bin;C:\WINDOWS\Sun\Java\bin;C:\WINDOWS\system32;C:\WINDOWS;C:\Program Files\Common Files\Oracle\Java\javapath;C:\Program Files (x86)\Common Files\Oracle\Java\javapath;C:\oraclexe\app\oracle\product\11.2.0\server\bin;C:\WINDOWS\system32;C:\WINDOWS;C:\WINDOWS\System32\Wbem;C:\WINDOWS\System32\WindowsPowerShell\v1.0\;C:\WINDOWS\System32\OpenSSH\;C:\Windows\CCM;C:\Program Files (x86)\Webex\Webex\Applications;C:\Program Files\Java\jdk1.8.0_241\bin;C:\Program Files\Java\jre1.8.0_241\bin;C:\Users\SDagadapally\Documents\axis2-1.6.2\bin;C:\Program Files\PuTTY\;C:\Users\SDagadapally\Maven\apache-maven-3.6.3\bin;C:\Program Files\Git\cmd;C:\Program Files\TortoiseGit\bin;C:\TestAutomation\webdrivers;C:\TestAutomation\Libraries\oracle-instantclient-11.2.0.4.0-32bit;C:\TestAutomation\Libraries\oracle-instantclient-11.2.0.4.0-32bit\oci.dll;C:\Python\;C:\Python\Scripts;C:\Program Files (x86)\Microsoft SQL Server\110\Tools\Binn\;C:\Program Files\Microsoft SQL Server\110\Tools\Binn\;C:\Program Files\Microsoft SQL Server\110\DTS\Binn\;C:\Program Files (x86)\Sennheiser\SenncomSDK\;C:\Python\Scripts\;C:\Python\;C:\Python\Python36\Scripts\;C:\Python\Python36\;C:\Users\SDagadapally\AppData\Local\Microsoft\WindowsApps;C:\Users\SDagadapally\AppData\Local\Programs\Python\Python38-32;C:\Users\SDagadapally\AppData\Local\Programs\Python\Python38-32\Scripts;;."/>
    <property name="java.vendor" value="Oracle Corporation"/>
    <property name="java.vm.info" value="mixed mode"/>
    <property name="java.vm.version" value="11.0.9+7-LTS"/>
    <property name="sun.io.unicode.encoding" value="UnicodeLittle"/>
    <property name="java.class.version" value="55.0"/>
  </properties>
  <testcase name="Given user is on home page" classname="Scenario: Logging into toolsqa and testing tab functionality" time="0.021"/>
  <testcase name="When click on tutorials button" classname="Scenario: Logging into toolsqa and testing tab functionality" time="0"/>
  <testcase name="And select the programming language tab" classname="Scenario: Logging into toolsqa and testing tab functionality" time="0"/>
  <testcase name="And select the language and clcik on it which should navigate to language page" classname="Scenario: Logging into toolsqa and testing tab functionality" time="0"/>
  <testcase name="And verify all links  and click on any link" classname="Scenario: Logging into toolsqa and testing tab functionality" time="0"/>
  <testcase name="And User should naviagte to particlar link" classname="Scenario: Logging into toolsqa and testing tab functionality" time="0"/>
  <testcase name="Scenario: Logging into toolsqa and testing tab functionality" classname="Scenario: Logging into toolsqa and testing tab functionality" time="1.805"/>
  <testcase name="Given Write code for  tagOne" classname="Scenario: Testing hooks and tags" time="0"/>
  <testcase name="Scenario: Testing hooks and tags" classname="Scenario: Testing hooks and tags" time="6.193"/>
  <testcase name="Given Write code for  tagTwo" classname="Scenario: Write code for  tagTwo" time="0.026">
    <failure type="java.lang.AssertionError">java.lang.AssertionError
</failure>
    <system-out><![CDATA[BEFORE hook
tagTwo
]]></system-out>
    <system-err><![CDATA[Starting ChromeDriver 95.0.4638.54 (d31a821ec901f68d0d34ccdbaea45b4c86ce543e-refs/branch-heads/4638@{#871}) on port 3377
Only local connections are allowed.
Please see https://chromedriver.chromium.org/security-considerations for suggestions on keeping ChromeDriver safe.
ChromeDriver was started successfully.
Nov 08, 2021 7:07:31 PM org.openqa.selenium.remote.ProtocolHandshake createSession
INFO: Detected dialect: W3C
]]></system-err>
  </testcase>
  <testcase name="Scenario: Write code for  tagTwo" classname="Scenario: Write code for  tagTwo" time="0.027">
    <failure type="java.lang.AssertionError">java.lang.AssertionError
</failure>
  </testcase>
  <testcase name="Given Write code for  tagThree" classname="Scenario: Write code for  tagThree" time="0">
    <failure type="java.lang.AssertionError">java.lang.AssertionError
</failure>
    <system-out><![CDATA[AFTER hook11111
BEFORE hook
tagThree
]]></system-out>
    <system-err><![CDATA[Starting ChromeDriver 95.0.4638.54 (d31a821ec901f68d0d34ccdbaea45b4c86ce543e-refs/branch-heads/4638@{#871}) on port 30338
Only local connections are allowed.
Please see https://chromedriver.chromium.org/security-considerations for suggestions on keeping ChromeDriver safe.
ChromeDriver was started successfully.
Nov 08, 2021 7:07:38 PM org.openqa.selenium.remote.ProtocolHandshake createSession
INFO: Detected dialect: W3C
]]></system-err>
  </testcase>
  <testcase name="Scenario: Write code for  tagThree" classname="Scenario: Write code for  tagThree" time="0">
    <failure type="java.lang.AssertionError">java.lang.AssertionError
</failure>
  </testcase>
  <testcase name="Given Write code for  tagFour" classname="Scenario: Write code for  tagFour" time="0.001"/>
  <testcase name="Scenario: Write code for  tagFour" classname="Scenario: Write code for  tagFour" time="5.465"/>
  <testcase name="Given Write code for  tagFive" classname="Scenario: Write code for  tagFive" time="0"/>
  <testcase name="Scenario: Write code for  tagFive" classname="Scenario: Write code for  tagFive" time="1.044"/>
  <testcase name="Given Write code for  tagSix" classname="Scenario: Write code for  tagSix" time="0"/>
  <testcase name="Scenario: Write code for  tagSix" classname="Scenario: Write code for  tagSix" time="3.246"/>
  <testcase name="Given user is on home page" classname="| shilpa | Redddy | Shilpa.reddy@gmail.com | 9742349188 | India | Banaglaore |" time="0"/>
  <testcase name="When click on Enroll yourself button" classname="| shilpa | Redddy | Shilpa.reddy@gmail.com | 9742349188 | India | Banaglaore |" time="0"/>
  <testcase name="And Please enter firstname &quot;shilpa&quot;" classname="| shilpa | Redddy | Shilpa.reddy@gmail.com | 9742349188 | India | Banaglaore |" time="0"/>
  <testcase name="And Please enter  lastname &quot;Redddy&quot;" classname="| shilpa | Redddy | Shilpa.reddy@gmail.com | 9742349188 | India | Banaglaore |" time="0"/>
  <testcase name="And Please enter  emial &quot;Shilpa.reddy@gmail.com&quot;" classname="| shilpa | Redddy | Shilpa.reddy@gmail.com | 9742349188 | India | Banaglaore |" time="0"/>
  <testcase name="And Please enter mobile &quot;9742349188&quot;" classname="| shilpa | Redddy | Shilpa.reddy@gmail.com | 9742349188 | India | Banaglaore |" time="0"/>
  <testcase name="And Please enter country &quot;India&quot;" classname="| shilpa | Redddy | Shilpa.reddy@gmail.com | 9742349188 | India | Banaglaore |" time="0"/>
  <testcase name="And Please enter city &quot;Banaglaore&quot;" classname="| shilpa | Redddy | Shilpa.reddy@gmail.com | 9742349188 | India | Banaglaore |" time="0"/>
  <testcase name="And Clcik on send button" classname="| shilpa | Redddy | Shilpa.reddy@gmail.com | 9742349188 | India | Banaglaore |" time="0"/>
  <testcase name="| shilpa | Redddy | Shilpa.reddy@gmail.com | 9742349188 | India | Banaglaore |" classname="| shilpa | Redddy | Shilpa.reddy@gmail.com | 9742349188 | India | Banaglaore |" time="1.191"/>
  <testcase name="Given user is on home page" classname="| dwaraka | Redddy | dwaraka.reddy@gmail.com | 9742349195 | Aruba | Kurnool |" time="0"/>
  <testcase name="When click on Enroll yourself button" classname="| dwaraka | Redddy | dwaraka.reddy@gmail.com | 9742349195 | Aruba | Kurnool |" time="0"/>
  <testcase name="And Please enter firstname &quot;dwaraka&quot;" classname="| dwaraka | Redddy | dwaraka.reddy@gmail.com | 9742349195 | Aruba | Kurnool |" time="0"/>
  <testcase name="And Please enter  lastname &quot;Redddy&quot;" classname="| dwaraka | Redddy | dwaraka.reddy@gmail.com | 9742349195 | Aruba | Kurnool |" time="0"/>
  <testcase name="And Please enter  emial &quot;dwaraka.reddy@gmail.com&quot;" classname="| dwaraka | Redddy | dwaraka.reddy@gmail.com | 9742349195 | Aruba | Kurnool |" time="0"/>
  <testcase name="And Please enter mobile &quot;9742349195&quot;" classname="| dwaraka | Redddy | dwaraka.reddy@gmail.com | 9742349195 | Aruba | Kurnool |" time="0"/>
  <testcase name="And Please enter country &quot;Aruba&quot;" classname="| dwaraka | Redddy | dwaraka.reddy@gmail.com | 9742349195 | Aruba | Kurnool |" time="0"/>
  <testcase name="And Please enter city &quot;Kurnool&quot;" classname="| dwaraka | Redddy | dwaraka.reddy@gmail.com | 9742349195 | Aruba | Kurnool |" time="0"/>
  <testcase name="And Clcik on send button" classname="| dwaraka | Redddy | dwaraka.reddy@gmail.com | 9742349195 | Aruba | Kurnool |" time="0"/>
  <testcase name="| dwaraka | Redddy | dwaraka.reddy@gmail.com | 9742349195 | Aruba | Kurnool |" classname="| dwaraka | Redddy | dwaraka.reddy@gmail.com | 9742349195 | Aruba | Kurnool |" time="5.773"/>
</testsuite>